[1.052][INFO]: COMMAND InitSession {
   "desiredCapabilities": {
      "browserName": "chrome",
      "chromeOptions": {
         "args": [  ],
         "extensions": [  ]
      },
      "platform": "ANY",
      "version": ""
   }
}
[1.053][INFO]: Populating Preferences file: {
   "alternate_error_pages": {
      "enabled": false
   },
   "autofill": {
      "enabled": false
   },
   "browser": {
      "check_default_browser": false
   },
   "distribution": {
      "import_bookmarks": false,
      "import_history": false,
      "import_search_engine": false,
      "make_chrome_default_for_user": false,
      "show_welcome_page": false,
      "skip_first_run_ui": true
   },
   "dns_prefetching": {
      "enabled": false
   },
   "profile": {
      "content_settings": {
         "pattern_pairs": {
            "https://*,*": {
               "media-stream": {
                  "audio": "Default",
                  "video": "Default"
               }
            }
         }
      },
      "default_content_settings": {
         "geolocation": 1,
         "mouselock": 1,
         "notifications": 1,
         "popups": 1,
         "ppapi-broker": 1
      },
      "password_manager_enabled": false
   },
   "safebrowsing": {
      "enabled": false
   },
   "search": {
      "suggest_enabled": false
   },
   "translate": {
      "enabled": false
   }
}
[1.054][INFO]: Populating Local State file: {
   "background_mode": {
      "enabled": false
   },
   "ssl": {
      "rev_checking": {
         "enabled": false
      }
   }
}
[1.059][INFO]: Launching chrome: "C:\Program Files (x86)\Google\Chrome\Application\chrome.exe" --disable-background-networking --disable-client-side-phishing-detection --disable-component-update --disable-default-apps --disable-hang-monitor --disable-prompt-on-repost --disable-sync --disable-web-resources --enable-logging --ignore-certificate-errors --load-extension="C:\Users\RD\AppData\Local\Temp\scoped_dir6796_30181\internal" --log-level=0 --metrics-recording-only --no-first-run --password-store=basic --remote-debugging-port=12544 --safebrowsing-disable-auto-update --safebrowsing-disable-download-protection --test-type=webdriver --use-mock-keychain --user-data-dir="C:\Users\RD\AppData\Local\Temp\scoped_dir6796_6379" data:,
[1.815][INFO]: RESPONSE InitSession {
   "acceptSslCerts": true,
   "applicationCacheEnabled": false,
   "browserConnectionEnabled": false,
   "browserName": "chrome",
   "chrome": {
      "userDataDir": "C:\\Users\\RD\\AppData\\Local\\Temp\\scoped_dir6796_6379"
   },
   "cssSelectorsEnabled": true,
   "databaseEnabled": false,
   "handlesAlerts": true,
   "javascriptEnabled": true,
   "locationContextEnabled": true,
   "mobileEmulationEnabled": false,
   "nativeEvents": true,
   "platform": "Windows NT",
   "rotatable": false,
   "takesHeapSnapshot": true,
   "takesScreenshot": true,
   "version": "39.0.2171.71",
   "webStorageEnabled": true
}
[1.839][INFO]: COMMAND SetWindowPosition {
   "windowHandle": "current",
   "x": 276,
   "y": 0
}
[1.956][INFO]: Waiting for pending navigations...
[1.968][INFO]: Done waiting for pending navigations
[2.104][INFO]: RESPONSE SetWindowPosition
[2.234][INFO]: COMMAND SetWindowSize {
   "height": 728,
   "width": 1090,
   "windowHandle": "current"
}
[2.244][INFO]: RESPONSE SetWindowSize
[2.272][INFO]: COMMAND SetWindowPosition {
   "windowHandle": "current",
   "x": 440,
   "y": 0
}
[2.295][INFO]: RESPONSE SetWindowPosition
[2.304][INFO]: COMMAND SetWindowSize {
   "height": 728,
   "width": 926,
   "windowHandle": "current"
}
[2.333][INFO]: RESPONSE SetWindowSize
[2.365][INFO]: COMMAND Navigate {
   "url": "https://github.com/login"
}
[2.381][INFO]: Waiting for pending navigations...
[2.397][INFO]: Done waiting for pending navigations
[2.672][INFO]: Waiting for pending navigations...
[7.334][INFO]: Done waiting for pending navigations
[7.334][INFO]: RESPONSE Navigate
[7.340][INFO]: COMMAND FindElement {
   "using": "name",
   "value": "login"
}
[7.340][INFO]: Waiting for pending navigations...
[7.340][INFO]: Done waiting for pending navigations
[7.359][INFO]: Waiting for pending navigations...
[7.359][INFO]: Done waiting for pending navigations
[7.359][INFO]: RESPONSE FindElement {
   "ELEMENT": "0.6749251619912684-1"
}
[7.364][INFO]: COMMAND TypeElement {
   "id": "0.6749251619912684-1",
   "value": [ "rd1992" ]
}
[7.364][INFO]: Waiting for pending navigations...
[7.364][INFO]: Done waiting for pending navigations
[7.418][INFO]: Waiting for pending navigations...
[7.418][INFO]: Done waiting for pending navigations
[7.418][INFO]: RESPONSE TypeElement
[7.420][INFO]: COMMAND FindElement {
   "using": "name",
   "value": "password"
}
[7.420][INFO]: Waiting for pending navigations...
[7.420][INFO]: Done waiting for pending navigations
[7.434][INFO]: Waiting for pending navigations...
[7.434][INFO]: Done waiting for pending navigations
[7.434][INFO]: RESPONSE FindElement {
   "ELEMENT": "0.6749251619912684-2"
}
[7.437][INFO]: COMMAND TypeElement {
   "id": "0.6749251619912684-2",
   "value": [ "R@jan1992" ]
}
[7.437][INFO]: Waiting for pending navigations...
[7.437][INFO]: Done waiting for pending navigations
[7.498][INFO]: Waiting for pending navigations...
[7.498][INFO]: Done waiting for pending navigations
[7.498][INFO]: RESPONSE TypeElement
[7.501][INFO]: COMMAND SubmitElement {
   "id": "0.6749251619912684-2"
}
[7.501][INFO]: Waiting for pending navigations...
[7.501][INFO]: Done waiting for pending navigations
[7.509][INFO]: Waiting for pending navigations...
[9.855][INFO]: Done waiting for pending navigations
[9.856][INFO]: RESPONSE SubmitElement null
[9.859][INFO]: COMMAND GetUrl {

}
[9.859][INFO]: Waiting for pending navigations...
[9.859][INFO]: Done waiting for pending navigations
[9.863][INFO]: Waiting for pending navigations...
[9.863][INFO]: Done waiting for pending navigations
[9.863][INFO]: RESPONSE GetUrl "https://github.com/"
[9.866][INFO]: COMMAND Navigate {
   "url": "https://github.com/hubturbo/hubturbo/issues/405"
}
[9.866][INFO]: Waiting for pending navigations...
[9.866][INFO]: Done waiting for pending navigations
[9.868][INFO]: Waiting for pending navigations...
[12.047][INFO]: Done waiting for pending navigations
[12.047][INFO]: RESPONSE Navigate
[441.345][INFO]: COMMAND CloseWindow {

}
[443.205][INFO]: RESPONSE CloseWindow
